\BOOKMARK [1][-]{figure.caption.3}{Acknowledgment}{}% 1
\BOOKMARK [1][-]{figure.caption.3}{Abstract}{}% 2
\BOOKMARK [1][-]{chapter*.5}{List of Figures}{}% 3
\BOOKMARK [1][-]{chapter*.6}{List of Table}{}% 4
\BOOKMARK [0][-]{chapter.1}{Introduction}{}% 5
\BOOKMARK [1][-]{section.1.1}{Introduction}{chapter.1}% 6
\BOOKMARK [1][-]{section.1.2}{Necessity}{chapter.1}% 7
\BOOKMARK [1][-]{section.1.3}{a}{chapter.1}% 8
\BOOKMARK [1][-]{section.1.4}{jj}{chapter.1}% 9
\BOOKMARK [1][-]{section.1.5}{jj}{chapter.1}% 10
\BOOKMARK [1][-]{section.1.6}{Problem Statement}{chapter.1}% 11
\BOOKMARK [1][-]{section.1.7}{Motivation}{chapter.1}% 12
\BOOKMARK [0][-]{chapter.2}{LITERATURE SURVEY}{}% 13
\BOOKMARK [1][-]{section.2.1}{Existing Systems Survey \(minimum 5\)}{chapter.2}% 14
\BOOKMARK [1][-]{section.2.2}{Advantage}{chapter.2}% 15
\BOOKMARK [1][-]{section.2.3}{Disadvantages}{chapter.2}% 16
\BOOKMARK [0][-]{chapter.3}{SYSTEM DEVELOPMENT }{}% 17
\BOOKMARK [1][-]{section.3.1}{Conclusion from Literature survey}{chapter.3}% 18
\BOOKMARK [1][-]{section.3.2}{Proposed system Architecture}{chapter.3}% 19
\BOOKMARK [1][-]{section.3.3}{Methodology for development}{chapter.3}% 20
\BOOKMARK [1][-]{section.3.4}{ FEASIBILITY STUDY \(ABOUT SYSTEM DEVELOPMENT INCLUDING H/W, S/W REQUIREMENTS OF PROPOSED PROJECT WITH THEIR JUSTIFICATION\)}{chapter.3}% 21
\BOOKMARK [0][-]{chapter.4}{SYSTEM DESIGN}{}% 22
\BOOKMARK [1][-]{section.4.1}{DFD \(LEVEL 0/1/2\) OR ER DIAGRAMS \(IF NECESSARY\)}{chapter.4}% 23
\BOOKMARK [1][-]{section.4.2}{Results}{chapter.4}% 24
\BOOKMARK [0][-]{chapter.5}{CONCLUSION}{}% 25
\BOOKMARK [1][-]{paragraph*.11}{References}{chapter.5}% 26
