This is pdfTeX, Version 3.141592653-2.6-1.40.25 (MiKTeX 24.1) (preloaded format=pdflatex 2025.1.24)  29 JAN 2025 00:19
entering extended mode
 restricted \write18 enabled.
 %&-line parsing enabled.
**./main_sem3.tex
(main_sem3.tex
LaTeX2e <2023-11-01> patch level 1
L3 programming layer <2024-01-04>
(C:\Users\Srushti\AppData\Local\Programs\MiKTeX\tex/latex/base\report.cls
Document Class: report 2023/05/17 v1.4n Standard LaTeX document class
(C:\Users\Srushti\AppData\Local\Programs\MiKTeX\tex/latex/base\size12.clo
File: size12.clo 2023/05/17 v1.4n Standard LaTeX file (size option)
)
\c@part=\count187
\c@chapter=\count188
\c@section=\count189
\c@subsection=\count190
\c@subsubsection=\count191
\c@paragraph=\count192
\c@subparagraph=\count193
\c@figure=\count194
\c@table=\count195
\abovecaptionskip=\skip48
\belowcaptionskip=\skip49
\bibindent=\dimen140
)
(titlesec.sty
Package: titlesec 2011/12/15 v2.10.0 Sectioning titles
\ttl@box=\box51
\beforetitleunit=\skip50
\aftertitleunit=\skip51
\ttl@plus=\dimen141
\ttl@minus=\dimen142
\ttl@toksa=\toks17
\titlewidth=\dimen143
\titlewidthlast=\dimen144
\titlewidthfirst=\dimen145
)
(C:\Users\Srushti\AppData\Local\Programs\MiKTeX\tex/latex/tools\verbatim.sty
Package: verbatim 2023-11-06 v1.5v LaTeX2e package for verbatim enhancements
\every@verbatim=\toks18
\verbatim@line=\toks19
\verbatim@in@stream=\read2
)
(C:\Users\Srushti\AppData\Local\Programs\MiKTeX\tex/latex/amsmath\amsmath.sty
Package: amsmath 2023/05/13 v2.17o AMS math features
\@mathmargin=\skip52

For additional information on amsmath, use the `?' option.
(C:\Users\Srushti\AppData\Local\Programs\MiKTeX\tex/latex/amsmath\amstext.sty
Package: amstext 2021/08/26 v2.01 AMS text

(C:\Users\Srushti\AppData\Local\Programs\MiKTeX\tex/latex/amsmath\amsgen.sty
File: amsgen.sty 1999/11/30 v2.0 generic functions
\@emptytoks=\toks20
\ex@=\dimen146
))
(C:\Users\Srushti\AppData\Local\Programs\MiKTeX\tex/latex/amsmath\amsbsy.sty
Package: amsbsy 1999/11/29 v1.2d Bold Symbols
\pmbraise@=\dimen147
)
(C:\Users\Srushti\AppData\Local\Programs\MiKTeX\tex/latex/amsmath\amsopn.sty
Package: amsopn 2022/04/08 v2.04 operator names
)
\inf@bad=\count196
LaTeX Info: Redefining \frac on input line 234.
\uproot@=\count197
\leftroot@=\count198
LaTeX Info: Redefining \overline on input line 399.
LaTeX Info: Redefining \colon on input line 410.
\classnum@=\count199
\DOTSCASE@=\count266
LaTeX Info: Redefining \ldots on input line 496.
LaTeX Info: Redefining \dots on input line 499.
LaTeX Info: Redefining \cdots on input line 620.
\Mathstrutbox@=\box52
\strutbox@=\box53
LaTeX Info: Redefining \big on input line 722.
LaTeX Info: Redefining \Big on input line 723.
LaTeX Info: Redefining \bigg on input line 724.
LaTeX Info: Redefining \Bigg on input line 725.
\big@size=\dimen148
LaTeX Font Info:    Redeclaring font encoding OML on input line 743.
LaTeX Font Info:    Redeclaring font encoding OMS on input line 744.
\macc@depth=\count267
LaTeX Info: Redefining \bmod on input line 905.
LaTeX Info: Redefining \pmod on input line 910.
LaTeX Info: Redefining \smash on input line 940.
LaTeX Info: Redefining \relbar on input line 970.
LaTeX Info: Redefining \Relbar on input line 971.
\c@MaxMatrixCols=\count268
\dotsspace@=\muskip16
\c@parentequation=\count269
\dspbrk@lvl=\count270
\tag@help=\toks21
\row@=\count271
\column@=\count272
\maxfields@=\count273
\andhelp@=\toks22
\eqnshift@=\dimen149
\alignsep@=\dimen150
\tagshift@=\dimen151
\tagwidth@=\dimen152
\totwidth@=\dimen153
\lineht@=\dimen154
\@envbody=\toks23
\multlinegap=\skip53
\multlinetaggap=\skip54
\mathdisplay@stack=\toks24
LaTeX Info: Redefining \[ on input line 2953.
LaTeX Info: Redefining \] on input line 2954.
)
(C:\Users\Srushti\AppData\Local\Programs\MiKTeX\tex/latex/amsfonts\amsfonts.sty
Package: amsfonts 2013/01/14 v3.01 Basic AMSFonts support
\symAMSa=\mathgroup4
\symAMSb=\mathgroup5
LaTeX Font Info:    Redeclaring math symbol \hbar on input line 98.
LaTeX Font Info:    Overwriting math alphabet `\mathfrak' in version `bold'
(Font)                  U/euf/m/n --> U/euf/b/n on input line 106.
)
(C:\Users\Srushti\AppData\Local\Programs\MiKTeX\tex/latex/amsfonts\amssymb.sty
Package: amssymb 2013/01/14 v3.01 AMS font symbols
)
(C:\Users\Srushti\AppData\Local\Programs\MiKTeX\tex/latex/graphics\graphicx.sty
Package: graphicx 2021/09/16 v1.2d Enhanced LaTeX Graphics (DPC,SPQR)
(C:\Users\Srushti\AppData\Local\Programs\MiKTeX\tex/latex/graphics\keyval.sty
Package: keyval 2022/05/29 v1.15 key=value parser (DPC)
\KV@toks@=\toks25
)
(C:\Users\Srushti\AppData\Local\Programs\MiKTeX\tex/latex/graphics\graphics.sty
Package: graphics 2022/03/10 v1.4e Standard LaTeX Graphics (DPC,SPQR)
(C:\Users\Srushti\AppData\Local\Programs\MiKTeX\tex/latex/graphics\trig.sty
Package: trig 2021/08/11 v1.11 sin cos tan (DPC)
)
(C:\Users\Srushti\AppData\Local\Programs\MiKTeX\tex/latex/graphics-cfg\graphics
.cfg
File: graphics.cfg 2016/06/04 v1.11 sample graphics configuration
)
Package graphics Info: Driver file: pdftex.def on input line 107.

(C:\Users\Srushti\AppData\Local\Programs\MiKTeX\tex/latex/graphics-def\pdftex.d
ef
File: pdftex.def 2022/09/22 v1.2b Graphics/color driver for pdftex
))
\Gin@req@height=\dimen155
\Gin@req@width=\dimen156
) (fancyhdr.sty
\fancy@headwidth=\skip55
\f@ncyO@elh=\skip56
\f@ncyO@erh=\skip57
\f@ncyO@olh=\skip58
\f@ncyO@orh=\skip59
\f@ncyO@elf=\skip60
\f@ncyO@erf=\skip61
\f@ncyO@olf=\skip62
\f@ncyO@orf=\skip63
)
(C:\Users\Srushti\AppData\Local\Programs\MiKTeX\tex/latex/graphics\color.sty
Package: color 2022/01/06 v1.3d Standard LaTeX Color (DPC)

(C:\Users\Srushti\AppData\Local\Programs\MiKTeX\tex/latex/graphics-cfg\color.cf
g
File: color.cfg 2016/01/02 v1.6 sample color configuration
)
Package color Info: Driver file: pdftex.def on input line 149.

(C:\Users\Srushti\AppData\Local\Programs\MiKTeX\tex/latex/graphics\mathcolor.lt
x)) (xcolor.sty
Package: xcolor 2016/05/11 v2.12 LaTeX color extensions (UK)

(C:\Users\Srushti\AppData\Local\Programs\MiKTeX\tex/latex/graphics-cfg\color.cf
g
File: color.cfg 2016/01/02 v1.6 sample color configuration
)
Package xcolor Info: Driver file: pdftex.def on input line 225.

(C:\Users\Srushti\AppData\Local\Programs\MiKTeX\tex/latex/colortbl\colortbl.sty
Package: colortbl 2024/07/06 v1.0i Color table columns (DPC)
(C:\Users\Srushti\AppData\Local\Programs\MiKTeX\tex/latex/tools\array.sty
Package: array 2023/10/16 v2.5g Tabular extension package (FMi)
\col@sep=\dimen157
\ar@mcellbox=\box54
\extrarowheight=\dimen158
\NC@list=\toks26
\extratabsurround=\skip64
\backup@length=\skip65
\ar@cellbox=\box55
)
\everycr=\toks27
\minrowclearance=\skip66
\rownum=\count274
)
LaTeX Info: Redefining \color on input line 709.
Package xcolor Info: Model `cmy' substituted by `cmy0' on input line 1348.
Package xcolor Info: Model `hsb' substituted by `rgb' on input line 1352.
Package xcolor Info: Model `RGB' extended on input line 1364.
Package xcolor Info: Model `HTML' substituted by `rgb' on input line 1366.
Package xcolor Info: Model `Hsb' substituted by `hsb' on input line 1367.
Package xcolor Info: Model `tHsb' substituted by `hsb' on input line 1368.
Package xcolor Info: Model `HSB' substituted by `hsb' on input line 1369.
Package xcolor Info: Model `Gray' substituted by `gray' on input line 1370.
Package xcolor Info: Model `wave' substituted by `hsb' on input line 1371.

(C:\Users\Srushti\AppData\Local\Programs\MiKTeX\tex/latex/graphics\dvipsnam.def
File: dvipsnam.def 2016/06/17 v3.0m Driver-dependent file (DPC,SPQR)
) (C:\Users\Srushti\AppData\Local\Programs\MiKTeX\tex/latex/xcolor\svgnam.def
File: svgnam.def 2023/11/15 v3.01 Predefined colors according to SVG 1.1 (UK)
)) (setspace.sty
Package: setspace 2011/12/19 v6.7a set line spacing
)
(C:\Users\Srushti\AppData\Local\Programs\MiKTeX\tex/latex/booktabs\booktabs.sty
Package: booktabs 2020/01/12 v1.61803398 Publication quality tables
\heavyrulewidth=\dimen159
\lightrulewidth=\dimen160
\cmidrulewidth=\dimen161
\belowrulesep=\dimen162
\belowbottomsep=\dimen163
\aboverulesep=\dimen164
\abovetopsep=\dimen165
\cmidrulesep=\dimen166
\cmidrulekern=\dimen167
\defaultaddspace=\dimen168
\@cmidla=\count275
\@cmidlb=\count276
\@aboverulesep=\dimen169
\@belowrulesep=\dimen170
\@thisruleclass=\count277
\@lastruleclass=\count278
\@thisrulewidth=\dimen171
) (C:\Users\Srushti\AppData\Local\Programs\MiKTeX\tex/latex/tools\tabularx.sty
Package: tabularx 2023/07/08 v2.11c `tabularx' package (DPC)
\TX@col@width=\dimen172
\TX@old@table=\dimen173
\TX@old@col=\dimen174
\TX@target=\dimen175
\TX@delta=\dimen176
\TX@cols=\count279
\TX@ftn=\toks28
) (caption.sty
Package: caption 2016/02/21 v3.3-144 Customizing captions (AR)
 (caption3.sty
Package: caption3 2016/05/22 v1.7-166 caption3 kernel (AR)
Package caption3 Info: TeX engine: e-TeX on input line 67.
\captionmargin=\dimen177
\captionmargin@=\dimen178
\captionwidth=\dimen179
\caption@tempdima=\dimen180
\caption@indent=\dimen181
\caption@parindent=\dimen182
\caption@hangindent=\dimen183
)
\c@ContinuedFloat=\count280
)
(C:\Users\Srushti\AppData\Local\Programs\MiKTeX\tex/latex/l3backend\l3backend-p
dftex.def
File: l3backend-pdftex.def 2024-01-04 L3 backend support: PDF output (pdfTeX)
\l__color_backend_stack_int=\count281
\l__pdf_internal_box=\box56
) (main_sem3.aux (seminartitle.aux) (certificate.aux) (Acknlg.aux)
(abstract.aux) (intro.aux) (literature.aux) (systemdevelopment.aux)
(Systemdesign.aux) (conclusion.aux) (plag.aux))
\openout1 = `main_sem3.aux'.

LaTeX Font Info:    Checking defaults for OML/cmm/m/it on input line 27.
LaTeX Font Info:    ... okay on input line 27.
LaTeX Font Info:    Checking defaults for OMS/cmsy/m/n on input line 27.
LaTeX Font Info:    ... okay on input line 27.
LaTeX Font Info:    Checking defaults for OT1/cmr/m/n on input line 27.
LaTeX Font Info:    ... okay on input line 27.
LaTeX Font Info:    Checking defaults for T1/cmr/m/n on input line 27.
LaTeX Font Info:    ... okay on input line 27.
LaTeX Font Info:    Checking defaults for TS1/cmr/m/n on input line 27.
LaTeX Font Info:    ... okay on input line 27.
LaTeX Font Info:    Checking defaults for OMX/cmex/m/n on input line 27.
LaTeX Font Info:    ... okay on input line 27.
LaTeX Font Info:    Checking defaults for U/cmr/m/n on input line 27.
LaTeX Font Info:    ... okay on input line 27.

(C:\Users\Srushti\AppData\Local\Programs\MiKTeX\tex/context/base/mkii\supp-pdf.
mkii
[Loading MPS to PDF converter (version 2006.09.02).]
\scratchcounter=\count282
\scratchdimen=\dimen184
\scratchbox=\box57
\nofMPsegments=\count283
\nofMParguments=\count284
\everyMPshowfont=\toks29
\MPscratchCnt=\count285
\MPscratchDim=\dimen185
\MPnumerator=\count286
\makeMPintoPDFobject=\count287
\everyMPtoPDFconversion=\toks30
)
(C:\Users\Srushti\AppData\Local\Programs\MiKTeX\tex/latex/epstopdf-pkg\epstopdf
-base.sty
Package: epstopdf-base 2020-01-24 v2.11 Base part for package epstopdf
Package epstopdf-base Info: Redefining graphics rule for `.eps' on input line 4
85.

(C:\Users\Srushti\AppData\Local\Programs\MiKTeX\tex/latex/00miktex\epstopdf-sys
.cfg
File: epstopdf-sys.cfg 2021/03/18 v2.0 Configuration of epstopdf for MiKTeX
))
Package caption Info: Begin \AtBeginDocument code.
Package caption Info: End \AtBeginDocument code.
\openout2 = `seminartitle.aux'.

 (seminartitle.tex
<./unilogo11.jpg, id=1, 263.98625pt x 191.71625pt>
File: ./unilogo11.jpg Graphic file (type jpg)
<use ./unilogo11.jpg>
Package pdftex.def Info: ./unilogo11.jpg  used on input line 5.
(pdftex.def)             Requested size: 132.25557pt x 96.04803pt.
<NLOGO.png, id=2, 451.6875pt x 446.66875pt>
File: NLOGO.png Graphic file (type png)
<use NLOGO.png>
Package pdftex.def Info: NLOGO.png  used on input line 43.
(pdftex.def)             Requested size: 113.81102pt x 112.54611pt.
 [1


{C:/Users/Srushti/AppData/Local/MiKTeX/fonts/map/pdftex/pdftex.map} <./unilogo1
1.jpg> <./NLOGO.png>])
\openout2 = `certificate.aux'.

 (certificate.tex
<./nlogo.png, id=11, 451.6875pt x 446.66875pt>
File: ./nlogo.png Graphic file (type png)
<use ./nlogo.png>
Package pdftex.def Info: ./nlogo.png  used on input line 6.
(pdftex.def)             Requested size: 88.16814pt x 87.18524pt.
<./certi.jpg, id=12, 362.85562pt x 78.2925pt>
File: ./certi.jpg Graphic file (type jpg)
<use ./certi.jpg>
Package pdftex.def Info: ./certi.jpg  used on input line 22.
(pdftex.def)             Requested size: 308.59184pt x 66.58595pt.

Underfull \hbox (badness 10000) in paragraph at lines 29--35

 []

[1



 <./nlogo.png> <./certi.jpg>])
\openout2 = `Acknlg.aux'.

 (Acknlg.tex
Underfull \hbox (badness 10000) in paragraph at lines 9--10

 []


Underfull \hbox (badness 10000) in paragraph at lines 11--12

 []

) [1



]
\openout2 = `abstract.aux'.

 (abstract.tex [2



]) (main_sem3.toc
LaTeX Font Info:    Trying to load font information for U+msa on input line 1.

(C:\Users\Srushti\AppData\Local\Programs\MiKTeX\tex/latex/amsfonts\umsa.fd
File: umsa.fd 2013/01/14 v3.01 AMS symbols A
)
LaTeX Font Info:    Trying to load font information for U+msb on input line 1.

(C:\Users\Srushti\AppData\Local\Programs\MiKTeX\tex/latex/amsfonts\umsb.fd
File: umsb.fd 2013/01/14 v3.01 AMS symbols B
))
\tf@toc=\write3
\openout3 = `main_sem3.toc'.


[3



] (main_sem3.lof)
\tf@lof=\write4
\openout4 = `main_sem3.lof'.

 [4

] (main_sem3.lot)
\tf@lot=\write5
\openout5 = `main_sem3.lot'.

 [5

]
\openout2 = `intro.aux'.

 (intro.tex
Chapter 1.
[1


] [2] [3] [4] [5]
Overfull \hbox (5.7049pt too wide) in paragraph at lines 98--99
[]\OT1/cmr/m/n/12 Event Han-dling: JavaScript en-ables de-vel-op-ers to re-spon
d to user in-ter-ac-tions,such
 []


Overfull \hbox (38.50873pt too wide) in paragraph at lines 102--103
[]\OT1/cmr/m/n/12 Cross-Browser Com-pat-i-bil-ity: JavaScript li-braries and fr
ame-works, such as jQuery,React,
 []

[6] [7])
\openout2 = `literature.aux'.

 (literature.tex
Chapter 2.
[8




]) [9]
\openout2 = `systemdevelopment.aux'.

 (systemdevelopment.tex
Chapter 3.
[10




]) [11]
\openout2 = `Systemdesign.aux'.

 (Systemdesign.tex
Chapter 4.
[12




] [13]
<../../../Pictures/Screenshots/Screenshot 2025-01-27 223221.png, id=75, 1376.14
125pt x 648.92438pt>
File: ../../../Pictures/Screenshots/Screenshot 2025-01-27 223221.png Graphic fi
le (type png)
<use ../../../Pictures/Screenshots/Screenshot 2025-01-27 223221.png>
Package pdftex.def Info: ../../../Pictures/Screenshots/Screenshot 2025-01-27 22
3221.png  used on input line 29.
(pdftex.def)             Requested size: 308.59184pt x 145.5165pt.
<../../../Pictures/Screenshots/Screenshot 2025-01-27 223338.png, id=77, 1369.36
594pt x 523.20468pt>
File: ../../../Pictures/Screenshots/Screenshot 2025-01-27 223338.png Graphic fi
le (type png)
<use ../../../Pictures/Screenshots/Screenshot 2025-01-27 223338.png>
Package pdftex.def Info: ../../../Pictures/Screenshots/Screenshot 2025-01-27 22
3338.png  used on input line 35.
(pdftex.def)             Requested size: 308.59184pt x 117.90758pt.
<../../../Pictures/Screenshots/Screenshot 2025-01-27 223356.png, id=78, 1367.10
75pt x 674.52pt>
File: ../../../Pictures/Screenshots/Screenshot 2025-01-27 223356.png Graphic fi
le (type png)
<use ../../../Pictures/Screenshots/Screenshot 2025-01-27 223356.png>
Package pdftex.def Info: ../../../Pictures/Screenshots/Screenshot 2025-01-27 22
3356.png  used on input line 43.
(pdftex.def)             Requested size: 308.59184pt x 152.25449pt.
 [14 <../../../Pictures/Screenshots/Screenshot 2025-01-27 223221.png> <../../..
/Pictures/Screenshots/Screenshot 2025-01-27 223338.png> <../../../Pictures/Scre
enshots/Screenshot 2025-01-27 223356.png>]
<../../../Pictures/Screenshots/Screenshot 2025-01-27 223416.png, id=85, 1272.25
313pt x 672.26157pt>
File: ../../../Pictures/Screenshots/Screenshot 2025-01-27 223416.png Graphic fi
le (type png)
<use ../../../Pictures/Screenshots/Screenshot 2025-01-27 223416.png>
Package pdftex.def Info: ../../../Pictures/Screenshots/Screenshot 2025-01-27 22
3416.png  used on input line 50.
(pdftex.def)             Requested size: 308.59184pt x 163.05913pt.

Overfull \hbox (15.53534pt too wide) in paragraph at lines 59--60
\OT1/cmr/m/n/12 spe-cific re-quire-ments of the tar-get au-di-ence.Ensure the c
al-cu-la-tor is in-tu-itive,reliable,
 []

[15 <../../../Pictures/Screenshots/Screenshot 2025-01-27 223416.png>]
<../../../.vscode/my repo/Srushti/images/calc.png, id=90, 1126.96031pt x 624.08
156pt>
File: ../../../.vscode/my repo/Srushti/images/calc.png Graphic file (type png)
<use ../../../.vscode/my repo/Srushti/images/calc.png>
Package pdftex.def Info: ../../../.vscode/my repo/Srushti/images/calc.png  used
 on input line 65.
(pdftex.def)             Requested size: 308.59184pt x 170.88495pt.
<../../../Pictures/Screenshots/Screenshot 2025-01-27 233010.png, id=91, 645.913
13pt x 615.80063pt>
File: ../../../Pictures/Screenshots/Screenshot 2025-01-27 233010.png Graphic fi
le (type png)
<use ../../../Pictures/Screenshots/Screenshot 2025-01-27 233010.png>
Package pdftex.def Info: ../../../Pictures/Screenshots/Screenshot 2025-01-27 23
3010.png  used on input line 73.
(pdftex.def)             Requested size: 308.59184pt x 294.19968pt.
 [16 <../../../.vscode/my repo/Srushti/images/calc.png> <../../../Pictures/Scre
enshots/Screenshot 2025-01-27 233010.png>]
<../../../Pictures/Screenshots/Screenshot 2025-01-27 233245.png, id=97, 563.103
74pt x 361.35pt>
File: ../../../Pictures/Screenshots/Screenshot 2025-01-27 233245.png Graphic fi
le (type png)
<use ../../../Pictures/Screenshots/Screenshot 2025-01-27 233245.png>
Package pdftex.def Info: ../../../Pictures/Screenshots/Screenshot 2025-01-27 23
3245.png  used on input line 88.
(pdftex.def)             Requested size: 308.59184pt x 198.02632pt.
 [17 <../../../Pictures/Screenshots/Screenshot 2025-01-27 233245.png>]
<../../../Pictures/Screenshots/Screenshot 2025-01-27 233255.png, id=102, 478.78
876pt x 301.8778pt>
File: ../../../Pictures/Screenshots/Screenshot 2025-01-27 233255.png Graphic fi
le (type png)
<use ../../../Pictures/Screenshots/Screenshot 2025-01-27 233255.png>
Package pdftex.def Info: ../../../Pictures/Screenshots/Screenshot 2025-01-27 23
3255.png  used on input line 95.
(pdftex.def)             Requested size: 308.59184pt x 194.5692pt.
 [18 <../../../Pictures/Screenshots/Screenshot 2025-01-27 233255.png>]
<../../../Pictures/Screenshots/Screenshot 2025-01-27 235844.png, id=108, 712.16
063pt x 422.32782pt>
File: ../../../Pictures/Screenshots/Screenshot 2025-01-27 235844.png Graphic fi
le (type png)
<use ../../../Pictures/Screenshots/Screenshot 2025-01-27 235844.png>
Package pdftex.def Info: ../../../Pictures/Screenshots/Screenshot 2025-01-27 23
5844.png  used on input line 113.
(pdftex.def)             Requested size: 308.59184pt x 183.00224pt.
<../../../Pictures/Screenshots/Screenshot 2025-01-27 235914.png, id=109, 533.74
406pt x 373.395pt>
File: ../../../Pictures/Screenshots/Screenshot 2025-01-27 235914.png Graphic fi
le (type png)
<use ../../../Pictures/Screenshots/Screenshot 2025-01-27 235914.png>
Package pdftex.def Info: ../../../Pictures/Screenshots/Screenshot 2025-01-27 23
5914.png  used on input line 119.
(pdftex.def)             Requested size: 308.59184pt x 215.89124pt.
 [19 <../../../Pictures/Screenshots/Screenshot 2025-01-27 235844.png> <../../..
/Pictures/Screenshots/Screenshot 2025-01-27 235914.png>] [20]
<../../caygnus-mocks.jpg, id=118, 1606.0pt x 585.18625pt>
File: ../../caygnus-mocks.jpg Graphic file (type jpg)
<use ../../caygnus-mocks.jpg>
Package pdftex.def Info: ../../caygnus-mocks.jpg  used on input line 171.
(pdftex.def)             Requested size: 396.75998pt x 144.56393pt.

[21 <../../caygnus-mocks.jpg>]
<../../caynus2.jpg, id=122, 1606.0pt x 369.38pt>
File: ../../caynus2.jpg Graphic file (type jpg)
<use ../../caynus2.jpg>
Package pdftex.def Info: ../../caynus2.jpg  used on input line 178.
(pdftex.def)             Requested size: 396.75998pt x 91.25133pt.
<../../caygnus3.jpg, id=123, 1606.0pt x 655.44875pt>
File: ../../caygnus3.jpg Graphic file (type jpg)
<use ../../caygnus3.jpg>
Package pdftex.def Info: ../../caygnus3.jpg  used on input line 184.
(pdftex.def)             Requested size: 396.75998pt x 161.92152pt.
<../../cayg4.jpg, id=124, 1606.0pt x 825.0825pt>
File: ../../cayg4.jpg Graphic file (type jpg)
<use ../../cayg4.jpg>
Package pdftex.def Info: ../../cayg4.jpg  used on input line 190.
(pdftex.def)             Requested size: 396.75998pt x 203.82771pt.
<../../cayg5.jpg, id=125, 1606.0pt x 825.0825pt>
File: ../../cayg5.jpg Graphic file (type jpg)
<use ../../cayg5.jpg>
Package pdftex.def Info: ../../cayg5.jpg  used on input line 196.
(pdftex.def)             Requested size: 396.75998pt x 203.82771pt.
<../../cayg6.jpg, id=126, 1606.0pt x 911.405pt>
File: ../../cayg6.jpg Graphic file (type jpg)
<use ../../cayg6.jpg>
Package pdftex.def Info: ../../cayg6.jpg  used on input line 202.
(pdftex.def)             Requested size: 396.75998pt x 225.15274pt.
<../../cayg7.jpg, id=127, 1606.0pt x 911.405pt>
File: ../../cayg7.jpg Graphic file (type jpg)
<use ../../cayg7.jpg>
Package pdftex.def Info: ../../cayg7.jpg  used on input line 208.
(pdftex.def)             Requested size: 396.75998pt x 225.15274pt.
 [22 <../../caynus2.jpg> <../../caygnus3.jpg>]
[23 <../../cayg4.jpg> <../../cayg5.jpg>] [24 <../../cayg6.jpg> <../../cayg7.jpg
>]
<../../cayg8.jpg, id=138, 1606.0pt x 911.405pt>
File: ../../cayg8.jpg Graphic file (type jpg)
<use ../../cayg8.jpg>
Package pdftex.def Info: ../../cayg8.jpg  used on input line 215.
(pdftex.def)             Requested size: 396.75998pt x 225.15274pt.
) [25 <../../cayg8.jpg>]
\openout2 = `conclusion.aux'.

 (conclusion.tex
Chapter 5.
) [26




] [27



]
\openout2 = `plag.aux'.

 (plag.tex [28


]) [29

] (main_sem3.aux (seminartitle.aux)
(certificate.aux) (Acknlg.aux) (abstract.aux) (intro.aux) (literature.aux)
(systemdevelopment.aux) (Systemdesign.aux) (conclusion.aux) (plag.aux))
 ***********
LaTeX2e <2023-11-01> patch level 1
L3 programming layer <2024-01-04>
 ***********
 ) 
Here is how much of TeX's memory you used:
 5691 strings out of 474486
 99809 string characters out of 5742811
 1934542 words of memory out of 5000000
 27849 multiletter control sequences out of 15000+600000
 566437 words of font info for 66 fonts, out of 8000000 for 9000
 1141 hyphenation exceptions out of 8191
 57i,11n,65p,948b,409s stack positions out of 10000i,1000n,20000p,200000b,200000s
 <C:\Users\Srushti\AppData\Local\MiKTeX\fonts/pk/ljfour/jknappen/ec/dpi600\tc
rm1200.pk><C:/Users/Srushti/AppData/Local/Programs/MiKTeX/fonts/type1/public/am
sfonts/cm/cmbx10.pfb><C:/Users/Srushti/AppData/Local/Programs/MiKTeX/fonts/type
1/public/amsfonts/cm/cmbx12.pfb><C:/Users/Srushti/AppData/Local/Programs/MiKTeX
/fonts/type1/public/amsfonts/cm/cmr10.pfb><C:/Users/Srushti/AppData/Local/Progr
ams/MiKTeX/fonts/type1/public/amsfonts/cm/cmr12.pfb><C:/Users/Srushti/AppData/L
ocal/Programs/MiKTeX/fonts/type1/public/amsfonts/cm/cmti10.pfb>
Output written on main_sem3.pdf (36 pages, 1427614 bytes).
PDF statistics:
 182 PDF objects out of 1000 (max. 8388607)
 0 named destinations out of 1000 (max. 500000)
 111 words of extra memory for PDF output out of 10000 (max. 10000000)

